{"/media/honorio/7DE44BA35CD40104/UFPB/2021.2/workspace/ES/whitelabel-management-software-backend/src/app/controllers/paymentsController.ts": {"path":"/media/honorio/7DE44BA35CD40104/UFPB/2021.2/workspace/ES/whitelabel-management-software-backend/src/app/controllers/paymentsController.ts","statementMap":{"0":{"start":{"line":7,"column":4},"end":{"line":47,"column":5}},"1":{"start":{"line":8,"column":17},"end":{"line":8,"column":25}},"2":{"start":{"line":9,"column":46},"end":{"line":9,"column":50}},"3":{"start":{"line":12,"column":6},"end":{"line":12,"column":69}},"4":{"start":{"line":14,"column":6},"end":{"line":23,"column":7}},"5":{"start":{"line":20,"column":8},"end":{"line":22,"column":64}},"6":{"start":{"line":25,"column":17},"end":{"line":25,"column":65}},"7":{"start":{"line":27,"column":6},"end":{"line":29,"column":7}},"8":{"start":{"line":28,"column":8},"end":{"line":28,"column":75}},"9":{"start":{"line":31,"column":18},"end":{"line":31,"column":28}},"10":{"start":{"line":33,"column":6},"end":{"line":33,"column":36}},"11":{"start":{"line":34,"column":6},"end":{"line":34,"column":27}},"12":{"start":{"line":36,"column":22},"end":{"line":36,"column":72}},"13":{"start":{"line":38,"column":6},"end":{"line":38,"column":31}},"14":{"start":{"line":40,"column":6},"end":{"line":42,"column":7}},"15":{"start":{"line":41,"column":8},"end":{"line":41,"column":75}},"16":{"start":{"line":44,"column":6},"end":{"line":46,"column":64}},"17":{"start":{"line":51,"column":4},"end":{"line":59,"column":5}},"18":{"start":{"line":52,"column":23},"end":{"line":52,"column":45}},"19":{"start":{"line":54,"column":6},"end":{"line":54,"column":32}},"20":{"start":{"line":56,"column":6},"end":{"line":58,"column":64}},"21":{"start":{"line":63,"column":4},"end":{"line":94,"column":5}},"22":{"start":{"line":64,"column":30},"end":{"line":64,"column":39}},"23":{"start":{"line":66,"column":33},"end":{"line":66,"column":35}},"24":{"start":{"line":69,"column":6},"end":{"line":69,"column":71}},"25":{"start":{"line":71,"column":6},"end":{"line":73,"column":7}},"26":{"start":{"line":72,"column":8},"end":{"line":72,"column":78}},"27":{"start":{"line":75,"column":6},"end":{"line":83,"column":7}},"28":{"start":{"line":76,"column":8},"end":{"line":78,"column":19}},"29":{"start":{"line":80,"column":8},"end":{"line":82,"column":9}},"30":{"start":{"line":81,"column":10},"end":{"line":81,"column":80}},"31":{"start":{"line":85,"column":6},"end":{"line":85,"column":32}},"32":{"start":{"line":87,"column":6},"end":{"line":89,"column":7}},"33":{"start":{"line":88,"column":8},"end":{"line":88,"column":75}},"34":{"start":{"line":91,"column":6},"end":{"line":93,"column":64}},"35":{"start":{"line":98,"column":4},"end":{"line":143,"column":5}},"36":{"start":{"line":99,"column":21},"end":{"line":99,"column":31}},"37":{"start":{"line":100,"column":19},"end":{"line":100,"column":27}},"38":{"start":{"line":101,"column":40},"end":{"line":101,"column":44}},"39":{"start":{"line":104,"column":6},"end":{"line":104,"column":69}},"40":{"start":{"line":106,"column":6},"end":{"line":116,"column":7}},"41":{"start":{"line":113,"column":8},"end":{"line":115,"column":64}},"42":{"start":{"line":118,"column":6},"end":{"line":124,"column":7}},"43":{"start":{"line":119,"column":21},"end":{"line":119,"column":69}},"44":{"start":{"line":121,"column":8},"end":{"line":123,"column":9}},"45":{"start":{"line":122,"column":10},"end":{"line":122,"column":77}},"46":{"start":{"line":126,"column":18},"end":{"line":126,"column":28}},"47":{"start":{"line":127,"column":6},"end":{"line":127,"column":27}},"48":{"start":{"line":129,"column":29},"end":{"line":132,"column":23}},"49":{"start":{"line":134,"column":6},"end":{"line":134,"column":38}},"50":{"start":{"line":136,"column":6},"end":{"line":138,"column":7}},"51":{"start":{"line":137,"column":8},"end":{"line":137,"column":75}},"52":{"start":{"line":140,"column":6},"end":{"line":142,"column":64}},"53":{"start":{"line":147,"column":4},"end":{"line":163,"column":5}},"54":{"start":{"line":148,"column":21},"end":{"line":148,"column":31}},"55":{"start":{"line":150,"column":23},"end":{"line":150,"column":70}},"56":{"start":{"line":152,"column":6},"end":{"line":154,"column":7}},"57":{"start":{"line":153,"column":8},"end":{"line":153,"column":75}},"58":{"start":{"line":156,"column":6},"end":{"line":158,"column":9}},"59":{"start":{"line":160,"column":6},"end":{"line":162,"column":64}}},"fnMap":{"0":{"name":"(anonymous_0)","decl":{"start":{"line":6,"column":2},"end":{"line":6,"column":3}},"loc":{"start":{"line":6,"column":44},"end":{"line":48,"column":3}},"line":6},"1":{"name":"(anonymous_1)","decl":{"start":{"line":50,"column":2},"end":{"line":50,"column":3}},"loc":{"start":{"line":50,"column":43},"end":{"line":60,"column":3}},"line":50},"2":{"name":"(anonymous_2)","decl":{"start":{"line":62,"column":2},"end":{"line":62,"column":3}},"loc":{"start":{"line":62,"column":44},"end":{"line":95,"column":3}},"line":62},"3":{"name":"(anonymous_3)","decl":{"start":{"line":97,"column":2},"end":{"line":97,"column":3}},"loc":{"start":{"line":97,"column":44},"end":{"line":144,"column":3}},"line":97},"4":{"name":"(anonymous_4)","decl":{"start":{"line":146,"column":2},"end":{"line":146,"column":3}},"loc":{"start":{"line":146,"column":45},"end":{"line":164,"column":3}},"line":146}},"branchMap":{"0":{"loc":{"start":{"line":14,"column":6},"end":{"line":23,"column":7}},"type":"if","locations":[{"start":{"line":14,"column":6},"end":{"line":23,"column":7}},{"start":{},"end":{}}],"line":14},"1":{"loc":{"start":{"line":15,"column":8},"end":{"line":18,"column":35}},"type":"binary-expr","locations":[{"start":{"line":15,"column":8},"end":{"line":15,"column":37}},{"start":{"line":16,"column":8},"end":{"line":16,"column":33}},{"start":{"line":17,"column":8},"end":{"line":17,"column":31}},{"start":{"line":18,"column":8},"end":{"line":18,"column":35}}],"line":15},"2":{"loc":{"start":{"line":27,"column":6},"end":{"line":29,"column":7}},"type":"if","locations":[{"start":{"line":27,"column":6},"end":{"line":29,"column":7}},{"start":{},"end":{}}],"line":27},"3":{"loc":{"start":{"line":33,"column":18},"end":{"line":33,"column":35}},"type":"cond-expr","locations":[{"start":{"line":33,"column":25},"end":{"line":33,"column":29}},{"start":{"line":33,"column":32},"end":{"line":33,"column":35}}],"line":33},"4":{"loc":{"start":{"line":40,"column":6},"end":{"line":42,"column":7}},"type":"if","locations":[{"start":{"line":40,"column":6},"end":{"line":42,"column":7}},{"start":{},"end":{}}],"line":40},"5":{"loc":{"start":{"line":46,"column":25},"end":{"line":46,"column":60}},"type":"cond-expr","locations":[{"start":{"line":46,"column":40},"end":{"line":46,"column":52}},{"start":{"line":46,"column":55},"end":{"line":46,"column":60}}],"line":46},"6":{"loc":{"start":{"line":58,"column":25},"end":{"line":58,"column":60}},"type":"cond-expr","locations":[{"start":{"line":58,"column":40},"end":{"line":58,"column":52}},{"start":{"line":58,"column":55},"end":{"line":58,"column":60}}],"line":58},"7":{"loc":{"start":{"line":71,"column":6},"end":{"line":73,"column":7}},"type":"if","locations":[{"start":{"line":71,"column":6},"end":{"line":73,"column":7}},{"start":{},"end":{}}],"line":71},"8":{"loc":{"start":{"line":75,"column":6},"end":{"line":83,"column":7}},"type":"if","locations":[{"start":{"line":75,"column":6},"end":{"line":83,"column":7}},{"start":{},"end":{}}],"line":75},"9":{"loc":{"start":{"line":80,"column":8},"end":{"line":82,"column":9}},"type":"if","locations":[{"start":{"line":80,"column":8},"end":{"line":82,"column":9}},{"start":{},"end":{}}],"line":80},"10":{"loc":{"start":{"line":87,"column":6},"end":{"line":89,"column":7}},"type":"if","locations":[{"start":{"line":87,"column":6},"end":{"line":89,"column":7}},{"start":{},"end":{}}],"line":87},"11":{"loc":{"start":{"line":93,"column":25},"end":{"line":93,"column":60}},"type":"cond-expr","locations":[{"start":{"line":93,"column":40},"end":{"line":93,"column":52}},{"start":{"line":93,"column":55},"end":{"line":93,"column":60}}],"line":93},"12":{"loc":{"start":{"line":106,"column":6},"end":{"line":116,"column":7}},"type":"if","locations":[{"start":{"line":106,"column":6},"end":{"line":116,"column":7}},{"start":{},"end":{}}],"line":106},"13":{"loc":{"start":{"line":107,"column":8},"end":{"line":111,"column":35}},"type":"binary-expr","locations":[{"start":{"line":107,"column":8},"end":{"line":107,"column":20}},{"start":{"line":108,"column":8},"end":{"line":108,"column":37}},{"start":{"line":109,"column":8},"end":{"line":109,"column":33}},{"start":{"line":110,"column":8},"end":{"line":110,"column":31}},{"start":{"line":111,"column":8},"end":{"line":111,"column":35}}],"line":107},"14":{"loc":{"start":{"line":118,"column":6},"end":{"line":124,"column":7}},"type":"if","locations":[{"start":{"line":118,"column":6},"end":{"line":124,"column":7}},{"start":{},"end":{}}],"line":118},"15":{"loc":{"start":{"line":121,"column":8},"end":{"line":123,"column":9}},"type":"if","locations":[{"start":{"line":121,"column":8},"end":{"line":123,"column":9}},{"start":{},"end":{}}],"line":121},"16":{"loc":{"start":{"line":136,"column":6},"end":{"line":138,"column":7}},"type":"if","locations":[{"start":{"line":136,"column":6},"end":{"line":138,"column":7}},{"start":{},"end":{}}],"line":136},"17":{"loc":{"start":{"line":142,"column":25},"end":{"line":142,"column":60}},"type":"cond-expr","locations":[{"start":{"line":142,"column":40},"end":{"line":142,"column":52}},{"start":{"line":142,"column":55},"end":{"line":142,"column":60}}],"line":142},"18":{"loc":{"start":{"line":152,"column":6},"end":{"line":154,"column":7}},"type":"if","locations":[{"start":{"line":152,"column":6},"end":{"line":154,"column":7}},{"start":{},"end":{}}],"line":152},"19":{"loc":{"start":{"line":162,"column":25},"end":{"line":162,"column":60}},"type":"cond-expr","locations":[{"start":{"line":162,"column":40},"end":{"line":162,"column":52}},{"start":{"line":162,"column":55},"end":{"line":162,"column":60}}],"line":162}},"s":{"0":1,"1":1,"2":1,"3":1,"4":1,"5":0,"6":1,"7":1,"8":0,"9":1,"10":1,"11":1,"12":1,"13":1,"14":0,"15":0,"16":0,"17":1,"18":1,"19":1,"20":0,"21":2,"22":2,"23":2,"24":2,"25":2,"26":2,"27":2,"28":1,"29":1,"30":1,"31":1,"32":0,"33":0,"34":0,"35":1,"36":1,"37":1,"38":1,"39":1,"40":1,"41":0,"42":1,"43":1,"44":1,"45":0,"46":1,"47":1,"48":1,"49":1,"50":0,"51":0,"52":0,"53":1,"54":1,"55":1,"56":1,"57":0,"58":1,"59":0},"f":{"0":1,"1":1,"2":2,"3":1,"4":1},"b":{"0":[0,1],"1":[1,1,0,0],"2":[0,1],"3":[1,0],"4":[0,0],"5":[0,0],"6":[0,0],"7":[2,0],"8":[1,1],"9":[1,0],"10":[0,0],"11":[0,0],"12":[0,1],"13":[1,1,0,0,0],"14":[1,0],"15":[0,1],"16":[0,0],"17":[0,0],"18":[0,1],"19":[0,0]},"_coverageSchema":"1a1c01bbd47fc00a2c39e90264f33305004495a9","hash":"ad9286b7bbf89acad7ce9065274f667e7e80b46b"}
,"/media/honorio/7DE44BA35CD40104/UFPB/2021.2/workspace/ES/whitelabel-management-software-backend/src/app/controllers/reportsController.ts": {"path":"/media/honorio/7DE44BA35CD40104/UFPB/2021.2/workspace/ES/whitelabel-management-software-backend/src/app/controllers/reportsController.ts","statementMap":{"0":{"start":{"line":6,"column":4},"end":{"line":32,"column":5}},"1":{"start":{"line":7,"column":30},"end":{"line":7,"column":39}},"2":{"start":{"line":9,"column":20},"end":{"line":9,"column":41}},"3":{"start":{"line":11,"column":6},"end":{"line":15,"column":7}},"4":{"start":{"line":12,"column":8},"end":{"line":14,"column":10}},"5":{"start":{"line":13,"column":22},"end":{"line":13,"column":69}},"6":{"start":{"line":17,"column":6},"end":{"line":21,"column":7}},"7":{"start":{"line":18,"column":8},"end":{"line":20,"column":10}},"8":{"start":{"line":19,"column":22},"end":{"line":19,"column":71}},"9":{"start":{"line":23,"column":6},"end":{"line":23,"column":31}},"10":{"start":{"line":25,"column":6},"end":{"line":27,"column":7}},"11":{"start":{"line":26,"column":8},"end":{"line":26,"column":75}},"12":{"start":{"line":29,"column":6},"end":{"line":31,"column":64}}},"fnMap":{"0":{"name":"(anonymous_0)","decl":{"start":{"line":5,"column":2},"end":{"line":5,"column":3}},"loc":{"start":{"line":5,"column":43},"end":{"line":33,"column":3}},"line":5},"1":{"name":"(anonymous_1)","decl":{"start":{"line":13,"column":10},"end":{"line":13,"column":11}},"loc":{"start":{"line":13,"column":22},"end":{"line":13,"column":69}},"line":13},"2":{"name":"(anonymous_2)","decl":{"start":{"line":19,"column":10},"end":{"line":19,"column":11}},"loc":{"start":{"line":19,"column":22},"end":{"line":19,"column":71}},"line":19}},"branchMap":{"0":{"loc":{"start":{"line":11,"column":6},"end":{"line":15,"column":7}},"type":"if","locations":[{"start":{"line":11,"column":6},"end":{"line":15,"column":7}},{"start":{},"end":{}}],"line":11},"1":{"loc":{"start":{"line":11,"column":10},"end":{"line":11,"column":36}},"type":"binary-expr","locations":[{"start":{"line":11,"column":10},"end":{"line":11,"column":14}},{"start":{"line":11,"column":18},"end":{"line":11,"column":36}}],"line":11},"2":{"loc":{"start":{"line":17,"column":6},"end":{"line":21,"column":7}},"type":"if","locations":[{"start":{"line":17,"column":6},"end":{"line":21,"column":7}},{"start":{},"end":{}}],"line":17},"3":{"loc":{"start":{"line":17,"column":10},"end":{"line":17,"column":37}},"type":"binary-expr","locations":[{"start":{"line":17,"column":10},"end":{"line":17,"column":15}},{"start":{"line":17,"column":19},"end":{"line":17,"column":37}}],"line":17},"4":{"loc":{"start":{"line":25,"column":6},"end":{"line":27,"column":7}},"type":"if","locations":[{"start":{"line":25,"column":6},"end":{"line":27,"column":7}},{"start":{},"end":{}}],"line":25},"5":{"loc":{"start":{"line":31,"column":25},"end":{"line":31,"column":60}},"type":"cond-expr","locations":[{"start":{"line":31,"column":40},"end":{"line":31,"column":52}},{"start":{"line":31,"column":55},"end":{"line":31,"column":60}}],"line":31}},"s":{"0":1,"1":1,"2":1,"3":1,"4":1,"5":22,"6":1,"7":1,"8":14,"9":1,"10":0,"11":0,"12":0},"f":{"0":1,"1":22,"2":14},"b":{"0":[1,0],"1":[1,1],"2":[1,0],"3":[1,1],"4":[0,0],"5":[0,0]},"_coverageSchema":"1a1c01bbd47fc00a2c39e90264f33305004495a9","hash":"4accbaa627b1d5856d1fcfbc8afbb10280128ae6"}
,"/media/honorio/7DE44BA35CD40104/UFPB/2021.2/workspace/ES/whitelabel-management-software-backend/src/app/controllers/usersController.ts": {"path":"/media/honorio/7DE44BA35CD40104/UFPB/2021.2/workspace/ES/whitelabel-management-software-backend/src/app/controllers/usersController.ts","statementMap":{"0":{"start":{"line":11,"column":2},"end":{"line":13,"column":5}},"1":{"start":{"line":17,"column":2},"end":{"line":17,"column":24}},"2":{"start":{"line":22,"column":4},"end":{"line":107,"column":5}},"3":{"start":{"line":23,"column":21},"end":{"line":23,"column":29}},"4":{"start":{"line":25,"column":6},"end":{"line":32,"column":63}},"5":{"start":{"line":30,"column":8},"end":{"line":32,"column":63}},"6":{"start":{"line":34,"column":6},"end":{"line":37,"column":7}},"7":{"start":{"line":36,"column":8},"end":{"line":36,"column":71}},"8":{"start":{"line":39,"column":6},"end":{"line":42,"column":7}},"9":{"start":{"line":41,"column":8},"end":{"line":41,"column":69}},"10":{"start":{"line":44,"column":6},"end":{"line":52,"column":7}},"11":{"start":{"line":45,"column":8},"end":{"line":51,"column":9}},"12":{"start":{"line":50,"column":10},"end":{"line":50,"column":70}},"13":{"start":{"line":54,"column":6},"end":{"line":58,"column":7}},"14":{"start":{"line":56,"column":21},"end":{"line":56,"column":69}},"15":{"start":{"line":57,"column":8},"end":{"line":57,"column":33}},"16":{"start":{"line":60,"column":18},"end":{"line":60,"column":28}},"17":{"start":{"line":62,"column":6},"end":{"line":77,"column":7}},"18":{"start":{"line":63,"column":26},"end":{"line":63,"column":55}},"19":{"start":{"line":64,"column":28},"end":{"line":66,"column":9}},"20":{"start":{"line":68,"column":8},"end":{"line":71,"column":62}},"21":{"start":{"line":69,"column":10},"end":{"line":71,"column":62}},"22":{"start":{"line":73,"column":8},"end":{"line":76,"column":70}},"23":{"start":{"line":74,"column":10},"end":{"line":76,"column":70}},"24":{"start":{"line":79,"column":6},"end":{"line":79,"column":56}},"25":{"start":{"line":79,"column":32},"end":{"line":79,"column":56}},"26":{"start":{"line":80,"column":6},"end":{"line":80,"column":54}},"27":{"start":{"line":80,"column":31},"end":{"line":80,"column":54}},"28":{"start":{"line":81,"column":6},"end":{"line":81,"column":76}},"29":{"start":{"line":81,"column":32},"end":{"line":81,"column":76}},"30":{"start":{"line":83,"column":6},"end":{"line":83,"column":77}},"31":{"start":{"line":83,"column":29},"end":{"line":83,"column":77}},"32":{"start":{"line":84,"column":6},"end":{"line":85,"column":60}},"33":{"start":{"line":85,"column":8},"end":{"line":85,"column":60}},"34":{"start":{"line":86,"column":6},"end":{"line":86,"column":31}},"35":{"start":{"line":88,"column":27},"end":{"line":88,"column":78}},"36":{"start":{"line":90,"column":6},"end":{"line":90,"column":75}},"37":{"start":{"line":90,"column":28},"end":{"line":90,"column":75}},"38":{"start":{"line":91,"column":6},"end":{"line":92,"column":59}},"39":{"start":{"line":92,"column":8},"end":{"line":92,"column":59}},"40":{"start":{"line":93,"column":6},"end":{"line":93,"column":35}},"41":{"start":{"line":95,"column":6},"end":{"line":98,"column":9}},"42":{"start":{"line":100,"column":6},"end":{"line":102,"column":7}},"43":{"start":{"line":101,"column":8},"end":{"line":101,"column":75}},"44":{"start":{"line":104,"column":6},"end":{"line":106,"column":64}},"45":{"start":{"line":111,"column":4},"end":{"line":141,"column":5}},"46":{"start":{"line":112,"column":34},"end":{"line":112,"column":42}},"47":{"start":{"line":115,"column":6},"end":{"line":115,"column":72}},"48":{"start":{"line":117,"column":17},"end":{"line":117,"column":66}},"49":{"start":{"line":119,"column":6},"end":{"line":120,"column":75}},"50":{"start":{"line":120,"column":8},"end":{"line":120,"column":75}},"51":{"start":{"line":123,"column":6},"end":{"line":124,"column":65}},"52":{"start":{"line":124,"column":8},"end":{"line":124,"column":65}},"53":{"start":{"line":127,"column":6},"end":{"line":127,"column":32}},"54":{"start":{"line":128,"column":6},"end":{"line":128,"column":66}},"55":{"start":{"line":128,"column":25},"end":{"line":128,"column":66}},"56":{"start":{"line":129,"column":6},"end":{"line":129,"column":72}},"57":{"start":{"line":129,"column":27},"end":{"line":129,"column":72}},"58":{"start":{"line":131,"column":6},"end":{"line":134,"column":9}},"59":{"start":{"line":136,"column":6},"end":{"line":138,"column":7}},"60":{"start":{"line":137,"column":8},"end":{"line":137,"column":75}},"61":{"start":{"line":139,"column":6},"end":{"line":139,"column":25}},"62":{"start":{"line":140,"column":6},"end":{"line":140,"column":78}},"63":{"start":{"line":145,"column":4},"end":{"line":210,"column":5}},"64":{"start":{"line":146,"column":21},"end":{"line":146,"column":31}},"65":{"start":{"line":147,"column":35},"end":{"line":147,"column":43}},"66":{"start":{"line":150,"column":6},"end":{"line":150,"column":70}},"67":{"start":{"line":152,"column":23},"end":{"line":152,"column":66}},"68":{"start":{"line":154,"column":17},"end":{"line":154,"column":60}},"69":{"start":{"line":156,"column":23},"end":{"line":156,"column":27}},"70":{"start":{"line":157,"column":18},"end":{"line":157,"column":28}},"71":{"start":{"line":159,"column":22},"end":{"line":159,"column":37}},"72":{"start":{"line":160,"column":28},"end":{"line":162,"column":7}},"73":{"start":{"line":164,"column":17},"end":{"line":178,"column":7}},"74":{"start":{"line":180,"column":6},"end":{"line":180,"column":70}},"75":{"start":{"line":182,"column":6},"end":{"line":185,"column":24}},"76":{"start":{"line":187,"column":6},"end":{"line":187,"column":26}},"77":{"start":{"line":190,"column":6},"end":{"line":196,"column":7}},"78":{"start":{"line":191,"column":8},"end":{"line":191,"column":78}},"79":{"start":{"line":193,"column":8},"end":{"line":195,"column":42}},"80":{"start":{"line":198,"column":6},"end":{"line":198,"column":30}},"81":{"start":{"line":199,"column":6},"end":{"line":199,"column":42}},"82":{"start":{"line":201,"column":6},"end":{"line":201,"column":47}},"83":{"start":{"line":203,"column":6},"end":{"line":203,"column":25}},"84":{"start":{"line":205,"column":6},"end":{"line":207,"column":7}},"85":{"start":{"line":206,"column":8},"end":{"line":206,"column":75}},"86":{"start":{"line":209,"column":6},"end":{"line":209,"column":79}},"87":{"start":{"line":214,"column":4},"end":{"line":245,"column":5}},"88":{"start":{"line":215,"column":18},"end":{"line":215,"column":66}},"89":{"start":{"line":217,"column":27},"end":{"line":217,"column":76}},"90":{"start":{"line":219,"column":22},"end":{"line":221,"column":38}},"91":{"start":{"line":223,"column":25},"end":{"line":225,"column":38}},"92":{"start":{"line":227,"column":6},"end":{"line":232,"column":9}},"93":{"start":{"line":228,"column":8},"end":{"line":228,"column":68}},"94":{"start":{"line":228,"column":27},"end":{"line":228,"column":68}},"95":{"start":{"line":229,"column":8},"end":{"line":229,"column":74}},"96":{"start":{"line":229,"column":29},"end":{"line":229,"column":74}},"97":{"start":{"line":230,"column":8},"end":{"line":230,"column":34}},"98":{"start":{"line":231,"column":8},"end":{"line":231,"column":20}},"99":{"start":{"line":234,"column":6},"end":{"line":240,"column":9}},"100":{"start":{"line":242,"column":6},"end":{"line":244,"column":64}},"101":{"start":{"line":249,"column":4},"end":{"line":342,"column":5}},"102":{"start":{"line":251,"column":8},"end":{"line":251,"column":17}},"103":{"start":{"line":253,"column":30},"end":{"line":253,"column":32}},"104":{"start":{"line":256,"column":6},"end":{"line":256,"column":68}},"105":{"start":{"line":258,"column":27},"end":{"line":258,"column":76}},"106":{"start":{"line":260,"column":22},"end":{"line":262,"column":41}},"107":{"start":{"line":264,"column":25},"end":{"line":266,"column":41}},"108":{"start":{"line":268,"column":6},"end":{"line":272,"column":7}},"109":{"start":{"line":269,"column":8},"end":{"line":271,"column":40}},"110":{"start":{"line":274,"column":6},"end":{"line":279,"column":7}},"111":{"start":{"line":275,"column":8},"end":{"line":278,"column":40}},"112":{"start":{"line":281,"column":6},"end":{"line":286,"column":7}},"113":{"start":{"line":282,"column":8},"end":{"line":285,"column":40}},"114":{"start":{"line":288,"column":6},"end":{"line":293,"column":7}},"115":{"start":{"line":289,"column":8},"end":{"line":292,"column":40}},"116":{"start":{"line":295,"column":6},"end":{"line":299,"column":7}},"117":{"start":{"line":296,"column":8},"end":{"line":298,"column":40}},"118":{"start":{"line":301,"column":6},"end":{"line":318,"column":7}},"119":{"start":{"line":302,"column":8},"end":{"line":302,"column":62}},"120":{"start":{"line":304,"column":8},"end":{"line":306,"column":9}},"121":{"start":{"line":305,"column":10},"end":{"line":305,"column":70}},"122":{"start":{"line":308,"column":25},"end":{"line":310,"column":34}},"123":{"start":{"line":312,"column":8},"end":{"line":312,"column":80}},"124":{"start":{"line":312,"column":31},"end":{"line":312,"column":80}},"125":{"start":{"line":313,"column":8},"end":{"line":314,"column":63}},"126":{"start":{"line":314,"column":10},"end":{"line":314,"column":63}},"127":{"start":{"line":315,"column":8},"end":{"line":315,"column":38}},"128":{"start":{"line":317,"column":8},"end":{"line":317,"column":54}},"129":{"start":{"line":320,"column":6},"end":{"line":325,"column":9}},"130":{"start":{"line":321,"column":8},"end":{"line":321,"column":68}},"131":{"start":{"line":321,"column":27},"end":{"line":321,"column":68}},"132":{"start":{"line":322,"column":8},"end":{"line":322,"column":74}},"133":{"start":{"line":322,"column":29},"end":{"line":322,"column":74}},"134":{"start":{"line":323,"column":8},"end":{"line":323,"column":34}},"135":{"start":{"line":324,"column":8},"end":{"line":324,"column":20}},"136":{"start":{"line":327,"column":6},"end":{"line":333,"column":9}},"137":{"start":{"line":335,"column":6},"end":{"line":337,"column":7}},"138":{"start":{"line":336,"column":8},"end":{"line":336,"column":75}},"139":{"start":{"line":339,"column":6},"end":{"line":341,"column":64}},"140":{"start":{"line":346,"column":4},"end":{"line":449,"column":5}},"141":{"start":{"line":347,"column":21},"end":{"line":347,"column":31}},"142":{"start":{"line":348,"column":21},"end":{"line":348,"column":29}},"143":{"start":{"line":351,"column":6},"end":{"line":351,"column":66}},"144":{"start":{"line":353,"column":6},"end":{"line":361,"column":63}},"145":{"start":{"line":359,"column":8},"end":{"line":361,"column":63}},"146":{"start":{"line":363,"column":19},"end":{"line":363,"column":54}},"147":{"start":{"line":365,"column":6},"end":{"line":366,"column":75}},"148":{"start":{"line":366,"column":8},"end":{"line":366,"column":75}},"149":{"start":{"line":368,"column":6},"end":{"line":372,"column":7}},"150":{"start":{"line":370,"column":21},"end":{"line":370,"column":69}},"151":{"start":{"line":371,"column":8},"end":{"line":371,"column":33}},"152":{"start":{"line":374,"column":18},"end":{"line":374,"column":28}},"153":{"start":{"line":376,"column":6},"end":{"line":386,"column":7}},"154":{"start":{"line":377,"column":26},"end":{"line":377,"column":55}},"155":{"start":{"line":378,"column":30},"end":{"line":380,"column":9}},"156":{"start":{"line":382,"column":8},"end":{"line":385,"column":62}},"157":{"start":{"line":383,"column":10},"end":{"line":385,"column":62}},"158":{"start":{"line":388,"column":6},"end":{"line":410,"column":7}},"159":{"start":{"line":389,"column":25},"end":{"line":389,"column":68}},"160":{"start":{"line":391,"column":29},"end":{"line":391,"column":58}},"161":{"start":{"line":393,"column":8},"end":{"line":409,"column":9}},"162":{"start":{"line":394,"column":10},"end":{"line":408,"column":11}},"163":{"start":{"line":399,"column":32},"end":{"line":403,"column":13}},"164":{"start":{"line":405,"column":12},"end":{"line":407,"column":43}},"165":{"start":{"line":412,"column":6},"end":{"line":422,"column":7}},"166":{"start":{"line":413,"column":25},"end":{"line":413,"column":68}},"167":{"start":{"line":415,"column":29},"end":{"line":415,"column":58}},"168":{"start":{"line":417,"column":8},"end":{"line":421,"column":9}},"169":{"start":{"line":418,"column":10},"end":{"line":420,"column":53}},"170":{"start":{"line":424,"column":6},"end":{"line":424,"column":77}},"171":{"start":{"line":424,"column":29},"end":{"line":424,"column":77}},"172":{"start":{"line":425,"column":6},"end":{"line":426,"column":60}},"173":{"start":{"line":426,"column":8},"end":{"line":426,"column":60}},"174":{"start":{"line":427,"column":6},"end":{"line":427,"column":31}},"175":{"start":{"line":429,"column":29},"end":{"line":432,"column":23}},"176":{"start":{"line":434,"column":6},"end":{"line":435,"column":69}},"177":{"start":{"line":435,"column":8},"end":{"line":435,"column":69}},"178":{"start":{"line":436,"column":6},"end":{"line":437,"column":73}},"179":{"start":{"line":437,"column":8},"end":{"line":437,"column":73}},"180":{"start":{"line":438,"column":6},"end":{"line":438,"column":42}},"181":{"start":{"line":440,"column":6},"end":{"line":440,"column":38}},"182":{"start":{"line":442,"column":6},"end":{"line":444,"column":7}},"183":{"start":{"line":443,"column":8},"end":{"line":443,"column":75}},"184":{"start":{"line":446,"column":6},"end":{"line":448,"column":64}},"185":{"start":{"line":453,"column":19},"end":{"line":453,"column":29}},"186":{"start":{"line":455,"column":17},"end":{"line":455,"column":61}},"187":{"start":{"line":457,"column":4},"end":{"line":459,"column":5}},"188":{"start":{"line":458,"column":6},"end":{"line":458,"column":63}},"189":{"start":{"line":461,"column":21},"end":{"line":461,"column":73}},"190":{"start":{"line":463,"column":4},"end":{"line":466,"column":7}}},"fnMap":{"0":{"name":"generateToken","decl":{"start":{"line":10,"column":9},"end":{"line":10,"column":22}},"loc":{"start":{"line":10,"column":36},"end":{"line":14,"column":1}},"line":10},"1":{"name":"isValidDate","decl":{"start":{"line":16,"column":9},"end":{"line":16,"column":20}},"loc":{"start":{"line":16,"column":36},"end":{"line":18,"column":1}},"line":16},"2":{"name":"(anonymous_2)","decl":{"start":{"line":21,"column":2},"end":{"line":21,"column":3}},"loc":{"start":{"line":21,"column":46},"end":{"line":108,"column":3}},"line":21},"3":{"name":"(anonymous_3)","decl":{"start":{"line":110,"column":2},"end":{"line":110,"column":3}},"loc":{"start":{"line":110,"column":42},"end":{"line":142,"column":3}},"line":110},"4":{"name":"(anonymous_4)","decl":{"start":{"line":144,"column":2},"end":{"line":144,"column":3}},"loc":{"start":{"line":144,"column":52},"end":{"line":211,"column":3}},"line":144},"5":{"name":"(anonymous_5)","decl":{"start":{"line":213,"column":2},"end":{"line":213,"column":3}},"loc":{"start":{"line":213,"column":43},"end":{"line":246,"column":3}},"line":213},"6":{"name":"(anonymous_6)","decl":{"start":{"line":227,"column":24},"end":{"line":227,"column":25}},"loc":{"start":{"line":227,"column":34},"end":{"line":232,"column":7}},"line":227},"7":{"name":"(anonymous_7)","decl":{"start":{"line":248,"column":2},"end":{"line":248,"column":3}},"loc":{"start":{"line":248,"column":44},"end":{"line":343,"column":3}},"line":248},"8":{"name":"(anonymous_8)","decl":{"start":{"line":320,"column":24},"end":{"line":320,"column":25}},"loc":{"start":{"line":320,"column":34},"end":{"line":325,"column":7}},"line":320},"9":{"name":"(anonymous_9)","decl":{"start":{"line":345,"column":2},"end":{"line":345,"column":3}},"loc":{"start":{"line":345,"column":44},"end":{"line":450,"column":3}},"line":345},"10":{"name":"(anonymous_10)","decl":{"start":{"line":452,"column":2},"end":{"line":452,"column":3}},"loc":{"start":{"line":452,"column":45},"end":{"line":467,"column":3}},"line":452}},"branchMap":{"0":{"loc":{"start":{"line":10,"column":23},"end":{"line":10,"column":34}},"type":"default-arg","locations":[{"start":{"line":10,"column":32},"end":{"line":10,"column":34}}],"line":10},"1":{"loc":{"start":{"line":17,"column":9},"end":{"line":17,"column":23}},"type":"binary-expr","locations":[{"start":{"line":17,"column":9},"end":{"line":17,"column":10}},{"start":{"line":17,"column":14},"end":{"line":17,"column":23}}],"line":17},"2":{"loc":{"start":{"line":25,"column":6},"end":{"line":32,"column":63}},"type":"if","locations":[{"start":{"line":25,"column":6},"end":{"line":32,"column":63}},{"start":{},"end":{}}],"line":25},"3":{"loc":{"start":{"line":26,"column":8},"end":{"line":28,"column":44}},"type":"binary-expr","locations":[{"start":{"line":26,"column":8},"end":{"line":26,"column":40}},{"start":{"line":27,"column":8},"end":{"line":27,"column":38}},{"start":{"line":28,"column":8},"end":{"line":28,"column":44}}],"line":26},"4":{"loc":{"start":{"line":34,"column":6},"end":{"line":37,"column":7}},"type":"if","locations":[{"start":{"line":34,"column":6},"end":{"line":37,"column":7}},{"start":{},"end":{}}],"line":34},"5":{"loc":{"start":{"line":39,"column":6},"end":{"line":42,"column":7}},"type":"if","locations":[{"start":{"line":39,"column":6},"end":{"line":42,"column":7}},{"start":{},"end":{}}],"line":39},"6":{"loc":{"start":{"line":44,"column":6},"end":{"line":52,"column":7}},"type":"if","locations":[{"start":{"line":44,"column":6},"end":{"line":52,"column":7}},{"start":{},"end":{}}],"line":44},"7":{"loc":{"start":{"line":45,"column":8},"end":{"line":51,"column":9}},"type":"if","locations":[{"start":{"line":45,"column":8},"end":{"line":51,"column":9}},{"start":{},"end":{}}],"line":45},"8":{"loc":{"start":{"line":46,"column":10},"end":{"line":48,"column":48}},"type":"binary-expr","locations":[{"start":{"line":46,"column":11},"end":{"line":46,"column":37}},{"start":{"line":46,"column":41},"end":{"line":46,"column":69}},{"start":{"line":47,"column":11},"end":{"line":47,"column":44}},{"start":{"line":48,"column":12},"end":{"line":48,"column":47}}],"line":46},"9":{"loc":{"start":{"line":54,"column":6},"end":{"line":58,"column":7}},"type":"if","locations":[{"start":{"line":54,"column":6},"end":{"line":58,"column":7}},{"start":{},"end":{}}],"line":54},"10":{"loc":{"start":{"line":62,"column":6},"end":{"line":77,"column":7}},"type":"if","locations":[{"start":{"line":62,"column":6},"end":{"line":77,"column":7}},{"start":{},"end":{}}],"line":62},"11":{"loc":{"start":{"line":68,"column":8},"end":{"line":71,"column":62}},"type":"if","locations":[{"start":{"line":68,"column":8},"end":{"line":71,"column":62}},{"start":{},"end":{}}],"line":68},"12":{"loc":{"start":{"line":73,"column":8},"end":{"line":76,"column":70}},"type":"if","locations":[{"start":{"line":73,"column":8},"end":{"line":76,"column":70}},{"start":{},"end":{}}],"line":73},"13":{"loc":{"start":{"line":79,"column":6},"end":{"line":79,"column":56}},"type":"if","locations":[{"start":{"line":79,"column":6},"end":{"line":79,"column":56}},{"start":{},"end":{}}],"line":79},"14":{"loc":{"start":{"line":80,"column":6},"end":{"line":80,"column":54}},"type":"if","locations":[{"start":{"line":80,"column":6},"end":{"line":80,"column":54}},{"start":{},"end":{}}],"line":80},"15":{"loc":{"start":{"line":81,"column":6},"end":{"line":81,"column":76}},"type":"if","locations":[{"start":{"line":81,"column":6},"end":{"line":81,"column":76}},{"start":{},"end":{}}],"line":81},"16":{"loc":{"start":{"line":83,"column":6},"end":{"line":83,"column":77}},"type":"if","locations":[{"start":{"line":83,"column":6},"end":{"line":83,"column":77}},{"start":{},"end":{}}],"line":83},"17":{"loc":{"start":{"line":84,"column":6},"end":{"line":85,"column":60}},"type":"if","locations":[{"start":{"line":84,"column":6},"end":{"line":85,"column":60}},{"start":{},"end":{}}],"line":84},"18":{"loc":{"start":{"line":90,"column":6},"end":{"line":90,"column":75}},"type":"if","locations":[{"start":{"line":90,"column":6},"end":{"line":90,"column":75}},{"start":{},"end":{}}],"line":90},"19":{"loc":{"start":{"line":91,"column":6},"end":{"line":92,"column":59}},"type":"if","locations":[{"start":{"line":91,"column":6},"end":{"line":92,"column":59}},{"start":{},"end":{}}],"line":91},"20":{"loc":{"start":{"line":100,"column":6},"end":{"line":102,"column":7}},"type":"if","locations":[{"start":{"line":100,"column":6},"end":{"line":102,"column":7}},{"start":{},"end":{}}],"line":100},"21":{"loc":{"start":{"line":106,"column":25},"end":{"line":106,"column":60}},"type":"cond-expr","locations":[{"start":{"line":106,"column":40},"end":{"line":106,"column":52}},{"start":{"line":106,"column":55},"end":{"line":106,"column":60}}],"line":106},"22":{"loc":{"start":{"line":119,"column":6},"end":{"line":120,"column":75}},"type":"if","locations":[{"start":{"line":119,"column":6},"end":{"line":120,"column":75}},{"start":{},"end":{}}],"line":119},"23":{"loc":{"start":{"line":123,"column":6},"end":{"line":124,"column":65}},"type":"if","locations":[{"start":{"line":123,"column":6},"end":{"line":124,"column":65}},{"start":{},"end":{}}],"line":123},"24":{"loc":{"start":{"line":128,"column":6},"end":{"line":128,"column":66}},"type":"if","locations":[{"start":{"line":128,"column":6},"end":{"line":128,"column":66}},{"start":{},"end":{}}],"line":128},"25":{"loc":{"start":{"line":129,"column":6},"end":{"line":129,"column":72}},"type":"if","locations":[{"start":{"line":129,"column":6},"end":{"line":129,"column":72}},{"start":{},"end":{}}],"line":129},"26":{"loc":{"start":{"line":136,"column":6},"end":{"line":138,"column":7}},"type":"if","locations":[{"start":{"line":136,"column":6},"end":{"line":138,"column":7}},{"start":{},"end":{}}],"line":136},"27":{"loc":{"start":{"line":169,"column":10},"end":{"line":171,"column":45}},"type":"cond-expr","locations":[{"start":{"line":170,"column":14},"end":{"line":170,"column":29}},{"start":{"line":171,"column":14},"end":{"line":171,"column":45}}],"line":169},"28":{"loc":{"start":{"line":169,"column":10},"end":{"line":169,"column":55}},"type":"binary-expr","locations":[{"start":{"line":169,"column":10},"end":{"line":169,"column":29}},{"start":{"line":169,"column":33},"end":{"line":169,"column":55}}],"line":169},"29":{"loc":{"start":{"line":190,"column":6},"end":{"line":196,"column":7}},"type":"if","locations":[{"start":{"line":190,"column":6},"end":{"line":196,"column":7}},{"start":{"line":192,"column":13},"end":{"line":196,"column":7}}],"line":190},"30":{"loc":{"start":{"line":205,"column":6},"end":{"line":207,"column":7}},"type":"if","locations":[{"start":{"line":205,"column":6},"end":{"line":207,"column":7}},{"start":{},"end":{}}],"line":205},"31":{"loc":{"start":{"line":228,"column":8},"end":{"line":228,"column":68}},"type":"if","locations":[{"start":{"line":228,"column":8},"end":{"line":228,"column":68}},{"start":{},"end":{}}],"line":228},"32":{"loc":{"start":{"line":229,"column":8},"end":{"line":229,"column":74}},"type":"if","locations":[{"start":{"line":229,"column":8},"end":{"line":229,"column":74}},{"start":{},"end":{}}],"line":229},"33":{"loc":{"start":{"line":244,"column":25},"end":{"line":244,"column":60}},"type":"cond-expr","locations":[{"start":{"line":244,"column":40},"end":{"line":244,"column":52}},{"start":{"line":244,"column":55},"end":{"line":244,"column":60}}],"line":244},"34":{"loc":{"start":{"line":268,"column":6},"end":{"line":272,"column":7}},"type":"if","locations":[{"start":{"line":268,"column":6},"end":{"line":272,"column":7}},{"start":{},"end":{}}],"line":268},"35":{"loc":{"start":{"line":274,"column":6},"end":{"line":279,"column":7}},"type":"if","locations":[{"start":{"line":274,"column":6},"end":{"line":279,"column":7}},{"start":{},"end":{}}],"line":274},"36":{"loc":{"start":{"line":281,"column":6},"end":{"line":286,"column":7}},"type":"if","locations":[{"start":{"line":281,"column":6},"end":{"line":286,"column":7}},{"start":{},"end":{}}],"line":281},"37":{"loc":{"start":{"line":288,"column":6},"end":{"line":293,"column":7}},"type":"if","locations":[{"start":{"line":288,"column":6},"end":{"line":293,"column":7}},{"start":{},"end":{}}],"line":288},"38":{"loc":{"start":{"line":295,"column":6},"end":{"line":299,"column":7}},"type":"if","locations":[{"start":{"line":295,"column":6},"end":{"line":299,"column":7}},{"start":{},"end":{}}],"line":295},"39":{"loc":{"start":{"line":301,"column":6},"end":{"line":318,"column":7}},"type":"if","locations":[{"start":{"line":301,"column":6},"end":{"line":318,"column":7}},{"start":{},"end":{}}],"line":301},"40":{"loc":{"start":{"line":304,"column":8},"end":{"line":306,"column":9}},"type":"if","locations":[{"start":{"line":304,"column":8},"end":{"line":306,"column":9}},{"start":{},"end":{}}],"line":304},"41":{"loc":{"start":{"line":312,"column":8},"end":{"line":312,"column":80}},"type":"if","locations":[{"start":{"line":312,"column":8},"end":{"line":312,"column":80}},{"start":{},"end":{}}],"line":312},"42":{"loc":{"start":{"line":313,"column":8},"end":{"line":314,"column":63}},"type":"if","locations":[{"start":{"line":313,"column":8},"end":{"line":314,"column":63}},{"start":{},"end":{}}],"line":313},"43":{"loc":{"start":{"line":321,"column":8},"end":{"line":321,"column":68}},"type":"if","locations":[{"start":{"line":321,"column":8},"end":{"line":321,"column":68}},{"start":{},"end":{}}],"line":321},"44":{"loc":{"start":{"line":322,"column":8},"end":{"line":322,"column":74}},"type":"if","locations":[{"start":{"line":322,"column":8},"end":{"line":322,"column":74}},{"start":{},"end":{}}],"line":322},"45":{"loc":{"start":{"line":335,"column":6},"end":{"line":337,"column":7}},"type":"if","locations":[{"start":{"line":335,"column":6},"end":{"line":337,"column":7}},{"start":{},"end":{}}],"line":335},"46":{"loc":{"start":{"line":341,"column":25},"end":{"line":341,"column":60}},"type":"cond-expr","locations":[{"start":{"line":341,"column":40},"end":{"line":341,"column":52}},{"start":{"line":341,"column":55},"end":{"line":341,"column":60}}],"line":341},"47":{"loc":{"start":{"line":353,"column":6},"end":{"line":361,"column":63}},"type":"if","locations":[{"start":{"line":353,"column":6},"end":{"line":361,"column":63}},{"start":{},"end":{}}],"line":353},"48":{"loc":{"start":{"line":354,"column":8},"end":{"line":357,"column":44}},"type":"binary-expr","locations":[{"start":{"line":354,"column":8},"end":{"line":354,"column":26}},{"start":{"line":355,"column":8},"end":{"line":355,"column":40}},{"start":{"line":356,"column":8},"end":{"line":356,"column":38}},{"start":{"line":357,"column":8},"end":{"line":357,"column":44}}],"line":354},"49":{"loc":{"start":{"line":365,"column":6},"end":{"line":366,"column":75}},"type":"if","locations":[{"start":{"line":365,"column":6},"end":{"line":366,"column":75}},{"start":{},"end":{}}],"line":365},"50":{"loc":{"start":{"line":368,"column":6},"end":{"line":372,"column":7}},"type":"if","locations":[{"start":{"line":368,"column":6},"end":{"line":372,"column":7}},{"start":{},"end":{}}],"line":368},"51":{"loc":{"start":{"line":376,"column":6},"end":{"line":386,"column":7}},"type":"if","locations":[{"start":{"line":376,"column":6},"end":{"line":386,"column":7}},{"start":{},"end":{}}],"line":376},"52":{"loc":{"start":{"line":382,"column":8},"end":{"line":385,"column":62}},"type":"if","locations":[{"start":{"line":382,"column":8},"end":{"line":385,"column":62}},{"start":{},"end":{}}],"line":382},"53":{"loc":{"start":{"line":388,"column":6},"end":{"line":410,"column":7}},"type":"if","locations":[{"start":{"line":388,"column":6},"end":{"line":410,"column":7}},{"start":{},"end":{}}],"line":388},"54":{"loc":{"start":{"line":393,"column":8},"end":{"line":409,"column":9}},"type":"if","locations":[{"start":{"line":393,"column":8},"end":{"line":409,"column":9}},{"start":{},"end":{}}],"line":393},"55":{"loc":{"start":{"line":394,"column":10},"end":{"line":408,"column":11}},"type":"if","locations":[{"start":{"line":394,"column":10},"end":{"line":408,"column":11}},{"start":{},"end":{}}],"line":394},"56":{"loc":{"start":{"line":395,"column":12},"end":{"line":397,"column":47}},"type":"binary-expr","locations":[{"start":{"line":395,"column":12},"end":{"line":395,"column":63}},{"start":{"line":396,"column":12},"end":{"line":396,"column":57}},{"start":{"line":397,"column":12},"end":{"line":397,"column":47}}],"line":395},"57":{"loc":{"start":{"line":412,"column":6},"end":{"line":422,"column":7}},"type":"if","locations":[{"start":{"line":412,"column":6},"end":{"line":422,"column":7}},{"start":{},"end":{}}],"line":412},"58":{"loc":{"start":{"line":417,"column":8},"end":{"line":421,"column":9}},"type":"if","locations":[{"start":{"line":417,"column":8},"end":{"line":421,"column":9}},{"start":{},"end":{}}],"line":417},"59":{"loc":{"start":{"line":424,"column":6},"end":{"line":424,"column":77}},"type":"if","locations":[{"start":{"line":424,"column":6},"end":{"line":424,"column":77}},{"start":{},"end":{}}],"line":424},"60":{"loc":{"start":{"line":425,"column":6},"end":{"line":426,"column":60}},"type":"if","locations":[{"start":{"line":425,"column":6},"end":{"line":426,"column":60}},{"start":{},"end":{}}],"line":425},"61":{"loc":{"start":{"line":434,"column":6},"end":{"line":435,"column":69}},"type":"if","locations":[{"start":{"line":434,"column":6},"end":{"line":435,"column":69}},{"start":{},"end":{}}],"line":434},"62":{"loc":{"start":{"line":436,"column":6},"end":{"line":437,"column":73}},"type":"if","locations":[{"start":{"line":436,"column":6},"end":{"line":437,"column":73}},{"start":{},"end":{}}],"line":436},"63":{"loc":{"start":{"line":442,"column":6},"end":{"line":444,"column":7}},"type":"if","locations":[{"start":{"line":442,"column":6},"end":{"line":444,"column":7}},{"start":{},"end":{}}],"line":442},"64":{"loc":{"start":{"line":448,"column":25},"end":{"line":448,"column":60}},"type":"cond-expr","locations":[{"start":{"line":448,"column":40},"end":{"line":448,"column":52}},{"start":{"line":448,"column":55},"end":{"line":448,"column":60}}],"line":448},"65":{"loc":{"start":{"line":457,"column":4},"end":{"line":459,"column":5}},"type":"if","locations":[{"start":{"line":457,"column":4},"end":{"line":459,"column":5}},{"start":{},"end":{}}],"line":457}},"s":{"0":4,"1":0,"2":1,"3":1,"4":1,"5":0,"6":1,"7":0,"8":1,"9":1,"10":1,"11":0,"12":0,"13":1,"14":1,"15":1,"16":1,"17":1,"18":0,"19":0,"20":0,"21":0,"22":0,"23":0,"24":1,"25":1,"26":1,"27":1,"28":1,"29":1,"30":1,"31":0,"32":1,"33":1,"34":1,"35":1,"36":1,"37":0,"38":1,"39":0,"40":1,"41":1,"42":0,"43":0,"44":0,"45":4,"46":4,"47":4,"48":4,"49":4,"50":1,"51":3,"52":0,"53":3,"54":3,"55":0,"56":3,"57":3,"58":3,"59":0,"60":0,"61":0,"62":0,"63":0,"64":0,"65":0,"66":0,"67":0,"68":0,"69":0,"70":0,"71":0,"72":0,"73":0,"74":0,"75":0,"76":0,"77":0,"78":0,"79":0,"80":0,"81":0,"82":0,"83":0,"84":0,"85":0,"86":0,"87":1,"88":1,"89":1,"90":1,"91":1,"92":1,"93":447,"94":446,"95":447,"96":447,"97":447,"98":447,"99":1,"100":0,"101":1,"102":1,"103":1,"104":1,"105":1,"106":1,"107":1,"108":1,"109":0,"110":1,"111":0,"112":1,"113":0,"114":1,"115":0,"116":1,"117":0,"118":1,"119":1,"120":1,"121":0,"122":1,"123":1,"124":0,"125":1,"126":1,"127":1,"128":1,"129":0,"130":0,"131":0,"132":0,"133":0,"134":0,"135":0,"136":0,"137":0,"138":0,"139":0,"140":1,"141":1,"142":1,"143":1,"144":1,"145":0,"146":1,"147":1,"148":0,"149":1,"150":0,"151":0,"152":1,"153":1,"154":0,"155":0,"156":0,"157":0,"158":1,"159":0,"160":0,"161":0,"162":0,"163":0,"164":0,"165":1,"166":0,"167":0,"168":0,"169":0,"170":1,"171":0,"172":1,"173":0,"174":1,"175":1,"176":1,"177":0,"178":1,"179":1,"180":1,"181":1,"182":0,"183":0,"184":0,"185":1,"186":1,"187":1,"188":0,"189":1,"190":1},"f":{"0":4,"1":0,"2":1,"3":4,"4":0,"5":1,"6":447,"7":1,"8":0,"9":1,"10":1},"b":{"0":[0],"1":[0,0],"2":[0,1],"3":[1,1,0],"4":[0,1],"5":[1,0],"6":[0,1],"7":[0,0],"8":[0,0,0,0],"9":[1,0],"10":[0,1],"11":[0,0],"12":[0,0],"13":[1,0],"14":[1,0],"15":[1,0],"16":[0,1],"17":[1,0],"18":[0,1],"19":[0,1],"20":[0,0],"21":[0,0],"22":[1,3],"23":[0,3],"24":[0,3],"25":[3,0],"26":[0,0],"27":[0,0],"28":[0,0],"29":[0,0],"30":[0,0],"31":[446,1],"32":[447,0],"33":[0,0],"34":[0,1],"35":[0,1],"36":[0,1],"37":[0,1],"38":[0,1],"39":[1,0],"40":[0,1],"41":[0,1],"42":[1,0],"43":[0,0],"44":[0,0],"45":[0,0],"46":[0,0],"47":[0,1],"48":[1,0,0,0],"49":[0,1],"50":[0,1],"51":[0,1],"52":[0,0],"53":[0,1],"54":[0,0],"55":[0,0],"56":[0,0,0],"57":[0,1],"58":[0,0],"59":[0,1],"60":[0,1],"61":[0,1],"62":[1,0],"63":[0,0],"64":[0,0],"65":[0,1]},"_coverageSchema":"1a1c01bbd47fc00a2c39e90264f33305004495a9","hash":"ce2b8060d95006cb5cd5f555fb3c27229fe1721a"}
,"/media/honorio/7DE44BA35CD40104/UFPB/2021.2/workspace/ES/whitelabel-management-software-backend/src/config/joiSchemas.ts": {"path":"/media/honorio/7DE44BA35CD40104/UFPB/2021.2/workspace/ES/whitelabel-management-software-backend/src/config/joiSchemas.ts","statementMap":{"0":{"start":{"line":4,"column":22},"end":{"line":30,"column":3}},"1":{"start":{"line":32,"column":24},"end":{"line":194,"column":3}},"2":{"start":{"line":196,"column":27},"end":{"line":211,"column":3}},"3":{"start":{"line":213,"column":25},"end":{"line":240,"column":3}},"4":{"start":{"line":242,"column":21},"end":{"line":269,"column":3}},"5":{"start":{"line":271,"column":21},"end":{"line":419,"column":3}},"6":{"start":{"line":421,"column":24},"end":{"line":454,"column":3}},"7":{"start":{"line":456,"column":24},"end":{"line":467,"column":3}},"8":{"start":{"line":469,"column":24},"end":{"line":500,"column":3}},"9":{"start":{"line":502,"column":21},"end":{"line":510,"column":3}}},"fnMap":{},"branchMap":{},"s":{"0":3,"1":3,"2":3,"3":3,"4":3,"5":3,"6":3,"7":3,"8":3,"9":3},"f":{},"b":{},"_coverageSchema":"1a1c01bbd47fc00a2c39e90264f33305004495a9","hash":"e8996c7ceabbcd5517e8799c7d0e69eaa8df5ca7"}
,"/media/honorio/7DE44BA35CD40104/UFPB/2021.2/workspace/ES/whitelabel-management-software-backend/src/database/connection.ts": {"path":"/media/honorio/7DE44BA35CD40104/UFPB/2021.2/workspace/ES/whitelabel-management-software-backend/src/database/connection.ts","statementMap":{"0":{"start":{"line":3,"column":19},"end":{"line":17,"column":2}}},"fnMap":{},"branchMap":{},"s":{"0":3},"f":{},"b":{},"_coverageSchema":"1a1c01bbd47fc00a2c39e90264f33305004495a9","hash":"f95f42e9b478c036a5eed68fced005b7f7d23729"}
,"/media/honorio/7DE44BA35CD40104/UFPB/2021.2/workspace/ES/whitelabel-management-software-backend/tests/constants.ts": {"path":"/media/honorio/7DE44BA35CD40104/UFPB/2021.2/workspace/ES/whitelabel-management-software-backend/tests/constants.ts","statementMap":{"0":{"start":{"line":1,"column":23},"end":{"line":1,"column":27}}},"fnMap":{},"branchMap":{},"s":{"0":3},"f":{},"b":{},"_coverageSchema":"1a1c01bbd47fc00a2c39e90264f33305004495a9","hash":"7ac1b32dea34ca60daf896c3b8970dcf7de7f0e2"}
,"/media/honorio/7DE44BA35CD40104/UFPB/2021.2/workspace/ES/whitelabel-management-software-backend/tests/utils/response.ts": {"path":"/media/honorio/7DE44BA35CD40104/UFPB/2021.2/workspace/ES/whitelabel-management-software-backend/tests/utils/response.ts","statementMap":{"0":{"start":{"line":3,"column":29},"end":{"line":17,"column":13}},"1":{"start":{"line":5,"column":4},"end":{"line":12,"column":6}},"2":{"start":{"line":7,"column":8},"end":{"line":7,"column":20}},"3":{"start":{"line":10,"column":8},"end":{"line":10,"column":20}},"4":{"start":{"line":15,"column":4},"end":{"line":15,"column":16}}},"fnMap":{"0":{"name":"(anonymous_0)","decl":{"start":{"line":4,"column":10},"end":{"line":4,"column":11}},"loc":{"start":{"line":4,"column":30},"end":{"line":13,"column":3}},"line":4},"1":{"name":"(anonymous_1)","decl":{"start":{"line":6,"column":12},"end":{"line":6,"column":13}},"loc":{"start":{"line":6,"column":27},"end":{"line":8,"column":7}},"line":6},"2":{"name":"(anonymous_2)","decl":{"start":{"line":9,"column":12},"end":{"line":9,"column":13}},"loc":{"start":{"line":9,"column":27},"end":{"line":11,"column":7}},"line":9},"3":{"name":"(anonymous_3)","decl":{"start":{"line":14,"column":8},"end":{"line":14,"column":9}},"loc":{"start":{"line":14,"column":23},"end":{"line":16,"column":3}},"line":14}},"branchMap":{},"s":{"0":3,"1":2,"2":1,"3":1,"4":14},"f":{"0":2,"1":1,"2":1,"3":14},"b":{},"_coverageSchema":"1a1c01bbd47fc00a2c39e90264f33305004495a9","hash":"e609b3273d322311693c45daf73a30ea0cb70857"}
}
