TN:
SF:src/app/controllers/paymentsController.ts
FN:6,(anonymous_0)
FN:50,(anonymous_1)
FN:62,(anonymous_2)
FN:97,(anonymous_3)
FN:146,(anonymous_4)
FNF:5
FNH:5
FNDA:1,(anonymous_0)
FNDA:1,(anonymous_1)
FNDA:2,(anonymous_2)
FNDA:1,(anonymous_3)
FNDA:1,(anonymous_4)
DA:7,1
DA:8,1
DA:9,1
DA:12,1
DA:14,1
DA:20,0
DA:25,1
DA:27,1
DA:28,0
DA:31,1
DA:33,1
DA:34,1
DA:36,1
DA:38,1
DA:40,0
DA:41,0
DA:44,0
DA:51,1
DA:52,1
DA:54,1
DA:56,0
DA:63,2
DA:64,2
DA:66,2
DA:69,2
DA:71,2
DA:72,2
DA:75,2
DA:76,1
DA:80,1
DA:81,1
DA:85,1
DA:87,0
DA:88,0
DA:91,0
DA:98,1
DA:99,1
DA:100,1
DA:101,1
DA:104,1
DA:106,1
DA:113,0
DA:118,1
DA:119,1
DA:121,1
DA:122,0
DA:126,1
DA:127,1
DA:129,1
DA:134,1
DA:136,0
DA:137,0
DA:140,0
DA:147,1
DA:148,1
DA:150,1
DA:152,1
DA:153,0
DA:156,1
DA:160,0
LF:60
LH:44
BRDA:14,0,0,0
BRDA:14,0,1,1
BRDA:15,1,0,1
BRDA:15,1,1,1
BRDA:15,1,2,0
BRDA:15,1,3,0
BRDA:27,2,0,0
BRDA:27,2,1,1
BRDA:33,3,0,1
BRDA:33,3,1,0
BRDA:40,4,0,0
BRDA:40,4,1,0
BRDA:46,5,0,0
BRDA:46,5,1,0
BRDA:58,6,0,0
BRDA:58,6,1,0
BRDA:71,7,0,2
BRDA:71,7,1,0
BRDA:75,8,0,1
BRDA:75,8,1,1
BRDA:80,9,0,1
BRDA:80,9,1,0
BRDA:87,10,0,0
BRDA:87,10,1,0
BRDA:93,11,0,0
BRDA:93,11,1,0
BRDA:106,12,0,0
BRDA:106,12,1,1
BRDA:107,13,0,1
BRDA:107,13,1,1
BRDA:107,13,2,0
BRDA:107,13,3,0
BRDA:107,13,4,0
BRDA:118,14,0,1
BRDA:118,14,1,0
BRDA:121,15,0,0
BRDA:121,15,1,1
BRDA:136,16,0,0
BRDA:136,16,1,0
BRDA:142,17,0,0
BRDA:142,17,1,0
BRDA:152,18,0,0
BRDA:152,18,1,1
BRDA:162,19,0,0
BRDA:162,19,1,0
BRF:45
BRH:15
end_of_record
TN:
SF:src/app/controllers/reportsController.ts
FN:5,(anonymous_0)
FN:13,(anonymous_1)
FN:19,(anonymous_2)
FNF:3
FNH:3
FNDA:1,(anonymous_0)
FNDA:22,(anonymous_1)
FNDA:14,(anonymous_2)
DA:6,1
DA:7,1
DA:9,1
DA:11,1
DA:12,1
DA:13,22
DA:17,1
DA:18,1
DA:19,14
DA:23,1
DA:25,0
DA:26,0
DA:29,0
LF:13
LH:10
BRDA:11,0,0,1
BRDA:11,0,1,0
BRDA:11,1,0,1
BRDA:11,1,1,1
BRDA:17,2,0,1
BRDA:17,2,1,0
BRDA:17,3,0,1
BRDA:17,3,1,1
BRDA:25,4,0,0
BRDA:25,4,1,0
BRDA:31,5,0,0
BRDA:31,5,1,0
BRF:12
BRH:6
end_of_record
TN:
SF:src/app/controllers/usersController.ts
FN:10,generateToken
FN:16,isValidDate
FN:21,(anonymous_2)
FN:110,(anonymous_3)
FN:144,(anonymous_4)
FN:213,(anonymous_5)
FN:227,(anonymous_6)
FN:248,(anonymous_7)
FN:320,(anonymous_8)
FN:345,(anonymous_9)
FN:452,(anonymous_10)
FNF:11
FNH:8
FNDA:4,generateToken
FNDA:0,isValidDate
FNDA:1,(anonymous_2)
FNDA:4,(anonymous_3)
FNDA:0,(anonymous_4)
FNDA:1,(anonymous_5)
FNDA:447,(anonymous_6)
FNDA:1,(anonymous_7)
FNDA:0,(anonymous_8)
FNDA:1,(anonymous_9)
FNDA:1,(anonymous_10)
DA:11,4
DA:17,0
DA:22,1
DA:23,1
DA:25,1
DA:30,0
DA:34,1
DA:36,0
DA:39,1
DA:41,1
DA:44,1
DA:45,0
DA:50,0
DA:54,1
DA:56,1
DA:57,1
DA:60,1
DA:62,1
DA:63,0
DA:64,0
DA:68,0
DA:69,0
DA:73,0
DA:74,0
DA:79,1
DA:80,1
DA:81,1
DA:83,1
DA:84,1
DA:85,1
DA:86,1
DA:88,1
DA:90,1
DA:91,1
DA:92,0
DA:93,1
DA:95,1
DA:100,0
DA:101,0
DA:104,0
DA:111,4
DA:112,4
DA:115,4
DA:117,4
DA:119,4
DA:120,1
DA:123,3
DA:124,0
DA:127,3
DA:128,3
DA:129,3
DA:131,3
DA:136,0
DA:137,0
DA:139,0
DA:140,0
DA:145,0
DA:146,0
DA:147,0
DA:150,0
DA:152,0
DA:154,0
DA:156,0
DA:157,0
DA:159,0
DA:160,0
DA:164,0
DA:180,0
DA:182,0
DA:187,0
DA:190,0
DA:191,0
DA:193,0
DA:198,0
DA:199,0
DA:201,0
DA:203,0
DA:205,0
DA:206,0
DA:209,0
DA:214,1
DA:215,1
DA:217,1
DA:219,1
DA:223,1
DA:227,1
DA:228,447
DA:229,447
DA:230,447
DA:231,447
DA:234,1
DA:242,0
DA:249,1
DA:251,1
DA:253,1
DA:256,1
DA:258,1
DA:260,1
DA:264,1
DA:268,1
DA:269,0
DA:274,1
DA:275,0
DA:281,1
DA:282,0
DA:288,1
DA:289,0
DA:295,1
DA:296,0
DA:301,1
DA:302,1
DA:304,1
DA:305,0
DA:308,1
DA:312,1
DA:313,1
DA:314,1
DA:315,1
DA:317,1
DA:320,0
DA:321,0
DA:322,0
DA:323,0
DA:324,0
DA:327,0
DA:335,0
DA:336,0
DA:339,0
DA:346,1
DA:347,1
DA:348,1
DA:351,1
DA:353,1
DA:359,0
DA:363,1
DA:365,1
DA:366,0
DA:368,1
DA:370,0
DA:371,0
DA:374,1
DA:376,1
DA:377,0
DA:378,0
DA:382,0
DA:383,0
DA:388,1
DA:389,0
DA:391,0
DA:393,0
DA:394,0
DA:399,0
DA:405,0
DA:412,1
DA:413,0
DA:415,0
DA:417,0
DA:418,0
DA:424,1
DA:425,1
DA:426,0
DA:427,1
DA:429,1
DA:434,1
DA:435,0
DA:436,1
DA:437,1
DA:438,1
DA:440,1
DA:442,0
DA:443,0
DA:446,0
DA:453,1
DA:455,1
DA:457,1
DA:458,0
DA:461,1
DA:463,1
LF:178
LH:94
BRDA:10,0,0,0
BRDA:17,1,0,0
BRDA:17,1,1,0
BRDA:25,2,0,0
BRDA:25,2,1,1
BRDA:26,3,0,1
BRDA:26,3,1,1
BRDA:26,3,2,0
BRDA:34,4,0,0
BRDA:34,4,1,1
BRDA:39,5,0,1
BRDA:39,5,1,0
BRDA:44,6,0,0
BRDA:44,6,1,1
BRDA:45,7,0,0
BRDA:45,7,1,0
BRDA:46,8,0,0
BRDA:46,8,1,0
BRDA:46,8,2,0
BRDA:46,8,3,0
BRDA:54,9,0,1
BRDA:54,9,1,0
BRDA:62,10,0,0
BRDA:62,10,1,1
BRDA:68,11,0,0
BRDA:68,11,1,0
BRDA:73,12,0,0
BRDA:73,12,1,0
BRDA:79,13,0,1
BRDA:79,13,1,0
BRDA:80,14,0,1
BRDA:80,14,1,0
BRDA:81,15,0,1
BRDA:81,15,1,0
BRDA:83,16,0,0
BRDA:83,16,1,1
BRDA:84,17,0,1
BRDA:84,17,1,0
BRDA:90,18,0,0
BRDA:90,18,1,1
BRDA:91,19,0,0
BRDA:91,19,1,1
BRDA:100,20,0,0
BRDA:100,20,1,0
BRDA:106,21,0,0
BRDA:106,21,1,0
BRDA:119,22,0,1
BRDA:119,22,1,3
BRDA:123,23,0,0
BRDA:123,23,1,3
BRDA:128,24,0,0
BRDA:128,24,1,3
BRDA:129,25,0,3
BRDA:129,25,1,0
BRDA:136,26,0,0
BRDA:136,26,1,0
BRDA:169,27,0,0
BRDA:169,27,1,0
BRDA:169,28,0,0
BRDA:169,28,1,0
BRDA:190,29,0,0
BRDA:190,29,1,0
BRDA:205,30,0,0
BRDA:205,30,1,0
BRDA:228,31,0,446
BRDA:228,31,1,1
BRDA:229,32,0,447
BRDA:229,32,1,0
BRDA:244,33,0,0
BRDA:244,33,1,0
BRDA:268,34,0,0
BRDA:268,34,1,1
BRDA:274,35,0,0
BRDA:274,35,1,1
BRDA:281,36,0,0
BRDA:281,36,1,1
BRDA:288,37,0,0
BRDA:288,37,1,1
BRDA:295,38,0,0
BRDA:295,38,1,1
BRDA:301,39,0,1
BRDA:301,39,1,0
BRDA:304,40,0,0
BRDA:304,40,1,1
BRDA:312,41,0,0
BRDA:312,41,1,1
BRDA:313,42,0,1
BRDA:313,42,1,0
BRDA:321,43,0,0
BRDA:321,43,1,0
BRDA:322,44,0,0
BRDA:322,44,1,0
BRDA:335,45,0,0
BRDA:335,45,1,0
BRDA:341,46,0,0
BRDA:341,46,1,0
BRDA:353,47,0,0
BRDA:353,47,1,1
BRDA:354,48,0,1
BRDA:354,48,1,0
BRDA:354,48,2,0
BRDA:354,48,3,0
BRDA:365,49,0,0
BRDA:365,49,1,1
BRDA:368,50,0,0
BRDA:368,50,1,1
BRDA:376,51,0,0
BRDA:376,51,1,1
BRDA:382,52,0,0
BRDA:382,52,1,0
BRDA:388,53,0,0
BRDA:388,53,1,1
BRDA:393,54,0,0
BRDA:393,54,1,0
BRDA:394,55,0,0
BRDA:394,55,1,0
BRDA:395,56,0,0
BRDA:395,56,1,0
BRDA:395,56,2,0
BRDA:412,57,0,0
BRDA:412,57,1,1
BRDA:417,58,0,0
BRDA:417,58,1,0
BRDA:424,59,0,0
BRDA:424,59,1,1
BRDA:425,60,0,0
BRDA:425,60,1,1
BRDA:434,61,0,0
BRDA:434,61,1,1
BRDA:436,62,0,1
BRDA:436,62,1,0
BRDA:442,63,0,0
BRDA:442,63,1,0
BRDA:448,64,0,0
BRDA:448,64,1,0
BRDA:457,65,0,0
BRDA:457,65,1,1
BRF:137
BRH:44
end_of_record
TN:
SF:src/config/joiSchemas.ts
FNF:0
FNH:0
DA:4,3
DA:32,3
DA:196,3
DA:213,3
DA:242,3
DA:271,3
DA:421,3
DA:456,3
DA:469,3
DA:502,3
LF:10
LH:10
BRF:0
BRH:0
end_of_record
TN:
SF:src/database/connection.ts
FNF:0
FNH:0
DA:3,3
LF:1
LH:1
BRF:0
BRH:0
end_of_record
TN:
SF:tests/constants.ts
FNF:0
FNH:0
DA:1,3
LF:1
LH:1
BRF:0
BRH:0
end_of_record
TN:
SF:tests/utils/response.ts
FN:4,(anonymous_0)
FN:6,(anonymous_1)
FN:9,(anonymous_2)
FN:14,(anonymous_3)
FNF:4
FNH:4
FNDA:2,(anonymous_0)
FNDA:1,(anonymous_1)
FNDA:1,(anonymous_2)
FNDA:14,(anonymous_3)
DA:3,3
DA:5,2
DA:7,1
DA:10,1
DA:15,14
LF:5
LH:5
BRF:0
BRH:0
end_of_record
